24-04-08 22:58:47.472 : ##################################################
24-04-08 22:58:47.472 : model: pusnet
24-04-08 22:58:47.472 : train data dir: dataset/div2k/train
24-04-08 22:58:47.472 : test data dir: dataset/div2k/test
24-04-08 22:58:47.472 : mode: train
24-04-08 22:58:47.472 : noisy level: 20
24-04-08 22:58:47.472 : sparse ration: 0.9
24-04-08 23:15:26.560 : ##################################################
24-04-08 23:15:26.560 : model: pusnet
24-04-08 23:15:26.560 : train data dir: dataset/div2k/train
24-04-08 23:15:26.560 : test data dir: dataset/div2k/test
24-04-08 23:15:26.560 : mode: train
24-04-08 23:15:26.560 : noisy level: 20
24-04-08 23:15:26.560 : sparse ration: 0.9
24-04-10 01:51:54.226 : ##################################################
24-04-10 01:51:54.226 : model: pusnet
24-04-10 01:51:54.226 : train data dir: dataset/imagenet/test
24-04-10 01:51:54.226 : test data dir: dataset/div2k/test
24-04-10 01:51:54.226 : mode: train
24-04-10 01:51:54.226 : noisy level: 20
24-04-10 01:51:54.226 : sparse ration: 0.9
24-04-10 01:55:21.942 : ##################################################
24-04-10 01:55:21.942 : model: pusnet
24-04-10 01:55:21.942 : train data dir: dataset/coco/test
24-04-10 01:55:21.942 : test data dir: dataset/div2k/test
24-04-10 01:55:21.942 : mode: train
24-04-10 01:55:21.942 : noisy level: 20
24-04-10 01:55:21.942 : sparse ration: 0.9
24-04-10 02:00:06.937 : ##################################################
24-04-10 02:00:06.937 : model: pusnet
24-04-10 02:00:06.937 : train data dir: dataset/div2k/test
24-04-10 02:00:06.937 : test data dir: dataset/div2k/test
24-04-10 02:00:06.937 : mode: train
24-04-10 02:00:06.937 : noisy level: 20
24-04-10 02:00:06.937 : sparse ration: 0.9
24-04-10 02:08:32.748 : ##################################################
24-04-10 02:08:32.748 : model: pusnet
24-04-10 02:08:32.748 : train data dir: dataset/div2k/train
24-04-10 02:08:32.748 : test data dir: dataset/div2k/test
24-04-10 02:08:32.748 : mode: train
24-04-10 02:08:32.748 : noisy level: 20
24-04-10 02:08:32.748 : sparse ration: 0.9
24-04-10 02:25:30.743 : ##################################################
24-04-10 02:25:30.743 : model: pusnet
24-04-10 02:25:30.743 : train data dir: dataset/div2k/train
24-04-10 02:25:30.743 : test data dir: dataset/div2k/test
24-04-10 02:25:30.743 : mode: train
24-04-10 02:25:30.743 : noisy level: 20
24-04-10 02:25:30.743 : sparse ration: 0.9
24-04-10 02:56:46.395 : ##################################################
24-04-10 02:56:46.395 : model: pusnet
24-04-10 02:56:46.395 : train data dir: dataset/div2k/train
24-04-10 02:56:46.395 : test data dir: dataset/div2k/test
24-04-10 02:56:46.395 : mode: train
24-04-10 02:56:46.395 : noisy level: 20
24-04-10 02:56:46.395 : sparse ration: 0.9
24-04-10 04:29:08.898 : ##################################################
24-04-10 04:29:08.898 : model: pusnet
24-04-10 04:29:08.898 : train data dir: dataset/div2k/train
24-04-10 04:29:08.899 : test data dir: dataset/div2k/test
24-04-10 04:29:08.899 : mode: train
24-04-10 04:29:08.899 : noisy level: 20
24-04-10 04:29:08.899 : sparse ration: 0.9
24-04-10 06:21:08.749 : epoch: 50, testing, stego_avg_psnr: 15.18, secret_avg_psnr: 14.50, noise_avg_psnr: 22.11, denoise_avg_psnr: 21.05
24-04-10 08:16:11.654 : epoch: 100, testing, stego_avg_psnr: 14.29, secret_avg_psnr: 12.88, noise_avg_psnr: 22.11, denoise_avg_psnr: 21.85
24-04-10 10:07:00.591 : epoch: 150, testing, stego_avg_psnr: 15.56, secret_avg_psnr: 14.32, noise_avg_psnr: 22.11, denoise_avg_psnr: 21.53
24-04-10 11:57:43.272 : epoch: 200, testing, stego_avg_psnr: 17.06, secret_avg_psnr: 15.79, noise_avg_psnr: 22.11, denoise_avg_psnr: 21.86
24-04-10 13:48:51.956 : epoch: 250, testing, stego_avg_psnr: 13.08, secret_avg_psnr: 14.99, noise_avg_psnr: 22.11, denoise_avg_psnr: 21.74
24-04-10 15:39:46.269 : epoch: 300, testing, stego_avg_psnr: 17.88, secret_avg_psnr: 16.21, noise_avg_psnr: 22.11, denoise_avg_psnr: 21.72
24-04-10 17:17:16.268 : ##################################################
24-04-10 17:17:16.268 : model: pusnet
24-04-10 17:17:16.268 : train data dir: dataset/div2k/train
24-04-10 17:17:16.268 : test data dir: dataset/div2k/test
24-04-10 17:17:16.268 : mode: train
24-04-10 17:17:16.268 : noisy level: 20
24-04-10 17:17:16.268 : sparse ration: 0.9
24-04-11 00:41:20.456 : ##################################################
24-04-11 00:41:20.456 : model: pusnet
24-04-11 00:41:20.456 : train data dir: dataset/div2k/train
24-04-11 00:41:20.456 : test data dir: dataset/div2k/test
24-04-11 00:41:20.456 : mode: train
24-04-11 00:41:20.456 : noisy level: 20
24-04-11 00:41:20.456 : sparse ration: 0.9
24-04-11 00:42:19.504 : ##################################################
24-04-11 00:42:19.504 : model: pusnet
24-04-11 00:42:19.504 : train data dir: dataset/div2k/train
24-04-11 00:42:19.504 : test data dir: dataset/div2k/test
24-04-11 00:42:19.504 : mode: train
24-04-11 00:42:19.504 : noisy level: 20
24-04-11 00:42:19.504 : sparse ration: 0.9
24-04-11 00:43:07.120 : ##################################################
24-04-11 00:43:07.120 : model: pusnet
24-04-11 00:43:07.120 : train data dir: dataset/div2k/train
24-04-11 00:43:07.120 : test data dir: dataset/div2k/test
24-04-11 00:43:07.120 : mode: train
24-04-11 00:43:07.120 : noisy level: 20
24-04-11 00:43:07.120 : sparse ration: 0.9
24-04-11 00:49:59.812 : ##################################################
24-04-11 00:49:59.812 : model: pusnet
24-04-11 00:49:59.812 : train data dir: dataset/div2k/train
24-04-11 00:49:59.812 : test data dir: dataset/div2k/test
24-04-11 00:49:59.812 : mode: train
24-04-11 00:49:59.812 : noisy level: 20
24-04-11 00:49:59.812 : sparse ration: 0.9
24-04-11 00:51:04.827 : ##################################################
24-04-11 00:51:04.827 : model: pusnet
24-04-11 00:51:04.827 : train data dir: dataset/div2k/train
24-04-11 00:51:04.828 : test data dir: dataset/div2k/test
24-04-11 00:51:04.828 : mode: train
24-04-11 00:51:04.828 : noisy level: 20
24-04-11 00:51:04.828 : sparse ration: 0.9
24-04-11 00:52:31.077 : ##################################################
24-04-11 00:52:31.077 : model: pusnet
24-04-11 00:52:31.077 : train data dir: dataset/div2k/train
24-04-11 00:52:31.077 : test data dir: dataset/div2k/test
24-04-11 00:52:31.077 : mode: train
24-04-11 00:52:31.077 : noisy level: 20
24-04-11 00:52:31.077 : sparse ration: 0.9
24-04-11 00:52:52.558 : ##################################################
24-04-11 00:52:52.559 : model: pusnet
24-04-11 00:52:52.559 : train data dir: dataset/div2k/train
24-04-11 00:52:52.559 : test data dir: dataset/div2k/test
24-04-11 00:52:52.559 : mode: train
24-04-11 00:52:52.559 : noisy level: 20
24-04-11 00:52:52.559 : sparse ration: 0.9
24-04-11 00:57:13.631 : ##################################################
24-04-11 00:57:13.631 : model: pusnet
24-04-11 00:57:13.631 : train data dir: dataset/div2k/train
24-04-11 00:57:13.631 : test data dir: dataset/div2k/test
24-04-11 00:57:13.631 : mode: train
24-04-11 00:57:13.631 : noisy level: 20
24-04-11 00:57:13.631 : sparse ration: 0.9
24-04-11 00:58:43.303 : ##################################################
24-04-11 00:58:43.303 : model: pusnet
24-04-11 00:58:43.303 : train data dir: dataset/div2k/train
24-04-11 00:58:43.304 : test data dir: dataset/div2k/test
24-04-11 00:58:43.304 : mode: train
24-04-11 00:58:43.304 : noisy level: 20
24-04-11 00:58:43.304 : sparse ration: 0.9
24-04-11 00:58:59.802 : ##################################################
24-04-11 00:58:59.802 : model: pusnet
24-04-11 00:58:59.802 : train data dir: dataset/div2k/train
24-04-11 00:58:59.802 : test data dir: dataset/div2k/test
24-04-11 00:58:59.802 : mode: train
24-04-11 00:58:59.802 : noisy level: 20
24-04-11 00:58:59.802 : sparse ration: 0.9
24-04-11 01:00:02.280 : ##################################################
24-04-11 01:00:02.281 : model: pusnet
24-04-11 01:00:02.281 : train data dir: dataset/div2k/train
24-04-11 01:00:02.281 : test data dir: dataset/div2k/test
24-04-11 01:00:02.281 : mode: train
24-04-11 01:00:02.281 : noisy level: 20
24-04-11 01:00:02.281 : sparse ration: 0.9
24-04-11 01:00:19.089 : ##################################################
24-04-11 01:00:19.090 : model: pusnet
24-04-11 01:00:19.090 : train data dir: dataset/div2k/train
24-04-11 01:00:19.090 : test data dir: dataset/div2k/test
24-04-11 01:00:19.090 : mode: train
24-04-11 01:00:19.090 : noisy level: 20
24-04-11 01:00:19.090 : sparse ration: 0.9
24-04-11 01:45:40.689 : ##################################################
24-04-11 01:45:40.690 : model: pusnet
24-04-11 01:45:40.690 : train data dir: dataset/div2k/train
24-04-11 01:45:40.690 : test data dir: dataset/div2k/test
24-04-11 01:45:40.690 : mode: train
24-04-11 01:45:40.690 : noisy level: 20
24-04-11 01:45:40.690 : sparse ration: 0.9
24-04-11 01:48:39.972 : ##################################################
24-04-11 01:48:39.972 : model: pusnet
24-04-11 01:48:39.973 : train data dir: dataset/div2k/train
24-04-11 01:48:39.973 : test data dir: dataset/div2k/test
24-04-11 01:48:39.973 : mode: train
24-04-11 01:48:39.973 : noisy level: 20
24-04-11 01:48:39.973 : sparse ration: 0.9
24-04-11 01:55:56.556 : ##################################################
24-04-11 01:55:56.556 : model: pusnet
24-04-11 01:55:56.557 : train data dir: dataset/div2k/train
24-04-11 01:55:56.557 : test data dir: dataset/div2k/test
24-04-11 01:55:56.557 : mode: train
24-04-11 01:55:56.557 : noisy level: 20
24-04-11 01:55:56.557 : sparse ration: 0.9
24-04-11 17:41:56.329 : ##################################################
24-04-11 17:41:56.330 : model: pusnet
24-04-11 17:41:56.330 : train data dir: dataset/div2k/train
24-04-11 17:41:56.330 : test data dir: dataset/div2k/test
24-04-11 17:41:56.330 : mode: train
24-04-11 17:41:56.330 : noisy level: 20
24-04-11 17:41:56.330 : sparse ration: 0.9
24-04-11 17:45:58.176 : ##################################################
24-04-11 17:45:58.177 : model: pusnet
24-04-11 17:45:58.177 : train data dir: dataset/div2k/train
24-04-11 17:45:58.177 : test data dir: dataset/div2k/test
24-04-11 17:45:58.177 : mode: train
24-04-11 17:45:58.177 : noisy level: 20
24-04-11 17:45:58.177 : sparse ration: 0.9
24-04-11 18:09:17.611 : ##################################################
24-04-11 18:09:17.611 : model: pusnet
24-04-11 18:09:17.611 : train data dir: dataset/div2k/train
24-04-11 18:09:17.611 : test data dir: dataset/div2k/test
24-04-11 18:09:17.611 : mode: train
24-04-11 18:09:17.612 : noisy level: 20
24-04-11 18:09:17.612 : sparse ration: 0.9
24-04-11 18:11:20.602 : ##################################################
24-04-11 18:11:20.603 : model: pusnet
24-04-11 18:11:20.603 : train data dir: dataset/div2k/train
24-04-11 18:11:20.603 : test data dir: dataset/div2k/test
24-04-11 18:11:20.603 : mode: train
24-04-11 18:11:20.603 : noisy level: 20
24-04-11 18:11:20.603 : sparse ration: 0.9
24-04-11 18:46:31.717 : ##################################################
24-04-11 18:46:31.717 : model: pusnet
24-04-11 18:46:31.717 : train data dir: dataset/div2k/train
24-04-11 18:46:31.717 : test data dir: dataset/div2k/test
24-04-11 18:46:31.717 : mode: train
24-04-11 18:46:31.717 : noisy level: 20
24-04-11 18:46:31.717 : sparse ration: 0.9
24-04-13 19:27:57.484 : ##################################################
24-04-13 19:27:57.484 : model: pusnet
24-04-13 19:27:57.484 : train data dir: dataset/div2k/train
24-04-13 19:27:57.484 : test data dir: dataset/div2k/test
24-04-13 19:27:57.484 : mode: train
24-04-13 19:27:57.484 : noisy level: 20
24-04-13 19:27:57.484 : sparse ration: 0.9
